ERROR:root:message
Traceback (most recent call last):
  File "train.py", line 105, in <module>
    verbose=1) #,
  File "/home/ubuntu/anaconda2/lib/python2.7/site-packages/keras/engine/training.py", line 1351, in fit_generator
    self._make_train_function()
  File "/home/ubuntu/anaconda2/lib/python2.7/site-packages/keras/engine/training.py", line 696, in _make_train_function
    self.total_loss)
  File "/home/ubuntu/anaconda2/lib/python2.7/site-packages/keras/optimizers.py", line 135, in get_updates
    grads = self.get_gradients(loss, params)
  File "/home/ubuntu/anaconda2/lib/python2.7/site-packages/keras/optimizers.py", line 62, in get_gradients
    grads = K.gradients(loss, params)
  File "/home/ubuntu/anaconda2/lib/python2.7/site-packages/keras/backend/theano_backend.py", line 825, in gradients
    return T.grad(loss, variables)
  File "/home/ubuntu/anaconda2/lib/python2.7/site-packages/theano/gradient.py", line 553, in grad
    grad_dict, wrt, cost_name)
  File "/home/ubuntu/anaconda2/lib/python2.7/site-packages/theano/gradient.py", line 1317, in _populate_grad_dict
    rval = [access_grad_cache(elem) for elem in wrt]
  File "/home/ubuntu/anaconda2/lib/python2.7/site-packages/theano/gradient.py", line 1272, in access_grad_cache
    term = access_term_cache(node)[idx]
  File "/home/ubuntu/anaconda2/lib/python2.7/site-packages/theano/gradient.py", line 965, in access_term_cache
    output_grads = [access_grad_cache(var) for var in node.outputs]
  File "/home/ubuntu/anaconda2/lib/python2.7/site-packages/theano/gradient.py", line 1272, in access_grad_cache
    term = access_term_cache(node)[idx]
  File "/home/ubuntu/anaconda2/lib/python2.7/site-packages/theano/gradient.py", line 965, in access_term_cache
    output_grads = [access_grad_cache(var) for var in node.outputs]
  File "/home/ubuntu/anaconda2/lib/python2.7/site-packages/theano/gradient.py", line 1272, in access_grad_cache
    term = access_term_cache(node)[idx]
  File "/home/ubuntu/anaconda2/lib/python2.7/site-packages/theano/gradient.py", line 965, in access_term_cache
    output_grads = [access_grad_cache(var) for var in node.outputs]
  File "/home/ubuntu/anaconda2/lib/python2.7/site-packages/theano/gradient.py", line 1272, in access_grad_cache
    term = access_term_cache(node)[idx]
  File "/home/ubuntu/anaconda2/lib/python2.7/site-packages/theano/gradient.py", line 965, in access_term_cache
    output_grads = [access_grad_cache(var) for var in node.outputs]
  File "/home/ubuntu/anaconda2/lib/python2.7/site-packages/theano/gradient.py", line 1272, in access_grad_cache
    term = access_term_cache(node)[idx]
  File "/home/ubuntu/anaconda2/lib/python2.7/site-packages/theano/gradient.py", line 965, in access_term_cache
    output_grads = [access_grad_cache(var) for var in node.outputs]
  File "/home/ubuntu/anaconda2/lib/python2.7/site-packages/theano/gradient.py", line 1272, in access_grad_cache
    term = access_term_cache(node)[idx]
  File "/home/ubuntu/anaconda2/lib/python2.7/site-packages/theano/gradient.py", line 965, in access_term_cache
    output_grads = [access_grad_cache(var) for var in node.outputs]
  File "/home/ubuntu/anaconda2/lib/python2.7/site-packages/theano/gradient.py", line 1272, in access_grad_cache
    term = access_term_cache(node)[idx]
  File "/home/ubuntu/anaconda2/lib/python2.7/site-packages/theano/gradient.py", line 965, in access_term_cache
    output_grads = [access_grad_cache(var) for var in node.outputs]
  File "/home/ubuntu/anaconda2/lib/python2.7/site-packages/theano/gradient.py", line 1272, in access_grad_cache
    term = access_term_cache(node)[idx]
  File "/home/ubuntu/anaconda2/lib/python2.7/site-packages/theano/gradient.py", line 965, in access_term_cache
    output_grads = [access_grad_cache(var) for var in node.outputs]
  File "/home/ubuntu/anaconda2/lib/python2.7/site-packages/theano/gradient.py", line 1272, in access_grad_cache
    term = access_term_cache(node)[idx]
  File "/home/ubuntu/anaconda2/lib/python2.7/site-packages/theano/gradient.py", line 965, in access_term_cache
    output_grads = [access_grad_cache(var) for var in node.outputs]
  File "/home/ubuntu/anaconda2/lib/python2.7/site-packages/theano/gradient.py", line 1272, in access_grad_cache
    term = access_term_cache(node)[idx]
  File "/home/ubuntu/anaconda2/lib/python2.7/site-packages/theano/gradient.py", line 965, in access_term_cache
    output_grads = [access_grad_cache(var) for var in node.outputs]
  File "/home/ubuntu/anaconda2/lib/python2.7/site-packages/theano/gradient.py", line 1272, in access_grad_cache
    term = access_term_cache(node)[idx]
  File "/home/ubuntu/anaconda2/lib/python2.7/site-packages/theano/gradient.py", line 965, in access_term_cache
    output_grads = [access_grad_cache(var) for var in node.outputs]
  File "/home/ubuntu/anaconda2/lib/python2.7/site-packages/theano/gradient.py", line 1272, in access_grad_cache
    term = access_term_cache(node)[idx]
  File "/home/ubuntu/anaconda2/lib/python2.7/site-packages/theano/gradient.py", line 965, in access_term_cache
    output_grads = [access_grad_cache(var) for var in node.outputs]
  File "/home/ubuntu/anaconda2/lib/python2.7/site-packages/theano/gradient.py", line 1272, in access_grad_cache
    term = access_term_cache(node)[idx]
  File "/home/ubuntu/anaconda2/lib/python2.7/site-packages/theano/gradient.py", line 965, in access_term_cache
    output_grads = [access_grad_cache(var) for var in node.outputs]
  File "/home/ubuntu/anaconda2/lib/python2.7/site-packages/theano/gradient.py", line 1272, in access_grad_cache
    term = access_term_cache(node)[idx]
  File "/home/ubuntu/anaconda2/lib/python2.7/site-packages/theano/gradient.py", line 965, in access_term_cache
    output_grads = [access_grad_cache(var) for var in node.outputs]
  File "/home/ubuntu/anaconda2/lib/python2.7/site-packages/theano/gradient.py", line 1272, in access_grad_cache
    term = access_term_cache(node)[idx]
  File "/home/ubuntu/anaconda2/lib/python2.7/site-packages/theano/gradient.py", line 965, in access_term_cache
    output_grads = [access_grad_cache(var) for var in node.outputs]
  File "/home/ubuntu/anaconda2/lib/python2.7/site-packages/theano/gradient.py", line 1272, in access_grad_cache
    term = access_term_cache(node)[idx]
  File "/home/ubuntu/anaconda2/lib/python2.7/site-packages/theano/gradient.py", line 965, in access_term_cache
    output_grads = [access_grad_cache(var) for var in node.outputs]
  File "/home/ubuntu/anaconda2/lib/python2.7/site-packages/theano/gradient.py", line 1272, in access_grad_cache
    term = access_term_cache(node)[idx]
  File "/home/ubuntu/anaconda2/lib/python2.7/site-packages/theano/gradient.py", line 965, in access_term_cache
    output_grads = [access_grad_cache(var) for var in node.outputs]
  File "/home/ubuntu/anaconda2/lib/python2.7/site-packages/theano/gradient.py", line 1272, in access_grad_cache
    term = access_term_cache(node)[idx]
  File "/home/ubuntu/anaconda2/lib/python2.7/site-packages/theano/gradient.py", line 965, in access_term_cache
    output_grads = [access_grad_cache(var) for var in node.outputs]
  File "/home/ubuntu/anaconda2/lib/python2.7/site-packages/theano/gradient.py", line 1272, in access_grad_cache
    term = access_term_cache(node)[idx]
  File "/home/ubuntu/anaconda2/lib/python2.7/site-packages/theano/gradient.py", line 965, in access_term_cache
    output_grads = [access_grad_cache(var) for var in node.outputs]
  File "/home/ubuntu/anaconda2/lib/python2.7/site-packages/theano/gradient.py", line 1272, in access_grad_cache
    term = access_term_cache(node)[idx]
  File "/home/ubuntu/anaconda2/lib/python2.7/site-packages/theano/gradient.py", line 965, in access_term_cache
    output_grads = [access_grad_cache(var) for var in node.outputs]
  File "/home/ubuntu/anaconda2/lib/python2.7/site-packages/theano/gradient.py", line 1272, in access_grad_cache
    term = access_term_cache(node)[idx]
  File "/home/ubuntu/anaconda2/lib/python2.7/site-packages/theano/gradient.py", line 965, in access_term_cache
    output_grads = [access_grad_cache(var) for var in node.outputs]
  File "/home/ubuntu/anaconda2/lib/python2.7/site-packages/theano/gradient.py", line 1272, in access_grad_cache
    term = access_term_cache(node)[idx]
  File "/home/ubuntu/anaconda2/lib/python2.7/site-packages/theano/gradient.py", line 965, in access_term_cache
    output_grads = [access_grad_cache(var) for var in node.outputs]
  File "/home/ubuntu/anaconda2/lib/python2.7/site-packages/theano/gradient.py", line 1272, in access_grad_cache
    term = access_term_cache(node)[idx]
  File "/home/ubuntu/anaconda2/lib/python2.7/site-packages/theano/gradient.py", line 965, in access_term_cache
    output_grads = [access_grad_cache(var) for var in node.outputs]
  File "/home/ubuntu/anaconda2/lib/python2.7/site-packages/theano/gradient.py", line 1272, in access_grad_cache
    term = access_term_cache(node)[idx]
  File "/home/ubuntu/anaconda2/lib/python2.7/site-packages/theano/gradient.py", line 965, in access_term_cache
    output_grads = [access_grad_cache(var) for var in node.outputs]
  File "/home/ubuntu/anaconda2/lib/python2.7/site-packages/theano/gradient.py", line 1272, in access_grad_cache
    term = access_term_cache(node)[idx]
  File "/home/ubuntu/anaconda2/lib/python2.7/site-packages/theano/gradient.py", line 965, in access_term_cache
    output_grads = [access_grad_cache(var) for var in node.outputs]
  File "/home/ubuntu/anaconda2/lib/python2.7/site-packages/theano/gradient.py", line 1272, in access_grad_cache
    term = access_term_cache(node)[idx]
  File "/home/ubuntu/anaconda2/lib/python2.7/site-packages/theano/gradient.py", line 965, in access_term_cache
    output_grads = [access_grad_cache(var) for var in node.outputs]
  File "/home/ubuntu/anaconda2/lib/python2.7/site-packages/theano/gradient.py", line 1272, in access_grad_cache
    term = access_term_cache(node)[idx]
  File "/home/ubuntu/anaconda2/lib/python2.7/site-packages/theano/gradient.py", line 965, in access_term_cache
    output_grads = [access_grad_cache(var) for var in node.outputs]
  File "/home/ubuntu/anaconda2/lib/python2.7/site-packages/theano/gradient.py", line 1272, in access_grad_cache
    term = access_term_cache(node)[idx]
  File "/home/ubuntu/anaconda2/lib/python2.7/site-packages/theano/gradient.py", line 965, in access_term_cache
    output_grads = [access_grad_cache(var) for var in node.outputs]
  File "/home/ubuntu/anaconda2/lib/python2.7/site-packages/theano/gradient.py", line 1272, in access_grad_cache
    term = access_term_cache(node)[idx]
  File "/home/ubuntu/anaconda2/lib/python2.7/site-packages/theano/gradient.py", line 965, in access_term_cache
    output_grads = [access_grad_cache(var) for var in node.outputs]
  File "/home/ubuntu/anaconda2/lib/python2.7/site-packages/theano/gradient.py", line 1272, in access_grad_cache
    term = access_term_cache(node)[idx]
  File "/home/ubuntu/anaconda2/lib/python2.7/site-packages/theano/gradient.py", line 965, in access_term_cache
    output_grads = [access_grad_cache(var) for var in node.outputs]
  File "/home/ubuntu/anaconda2/lib/python2.7/site-packages/theano/gradient.py", line 1272, in access_grad_cache
    term = access_term_cache(node)[idx]
  File "/home/ubuntu/anaconda2/lib/python2.7/site-packages/theano/gradient.py", line 965, in access_term_cache
    output_grads = [access_grad_cache(var) for var in node.outputs]
  File "/home/ubuntu/anaconda2/lib/python2.7/site-packages/theano/gradient.py", line 1272, in access_grad_cache
    term = access_term_cache(node)[idx]
  File "/home/ubuntu/anaconda2/lib/python2.7/site-packages/theano/gradient.py", line 965, in access_term_cache
    output_grads = [access_grad_cache(var) for var in node.outputs]
  File "/home/ubuntu/anaconda2/lib/python2.7/site-packages/theano/gradient.py", line 1272, in access_grad_cache
    term = access_term_cache(node)[idx]
  File "/home/ubuntu/anaconda2/lib/python2.7/site-packages/theano/gradient.py", line 965, in access_term_cache
    output_grads = [access_grad_cache(var) for var in node.outputs]
  File "/home/ubuntu/anaconda2/lib/python2.7/site-packages/theano/gradient.py", line 1272, in access_grad_cache
    term = access_term_cache(node)[idx]
  File "/home/ubuntu/anaconda2/lib/python2.7/site-packages/theano/gradient.py", line 965, in access_term_cache
    output_grads = [access_grad_cache(var) for var in node.outputs]
  File "/home/ubuntu/anaconda2/lib/python2.7/site-packages/theano/gradient.py", line 1272, in access_grad_cache
    term = access_term_cache(node)[idx]
  File "/home/ubuntu/anaconda2/lib/python2.7/site-packages/theano/gradient.py", line 965, in access_term_cache
    output_grads = [access_grad_cache(var) for var in node.outputs]
  File "/home/ubuntu/anaconda2/lib/python2.7/site-packages/theano/gradient.py", line 1272, in access_grad_cache
    term = access_term_cache(node)[idx]
  File "/home/ubuntu/anaconda2/lib/python2.7/site-packages/theano/gradient.py", line 965, in access_term_cache
    output_grads = [access_grad_cache(var) for var in node.outputs]
  File "/home/ubuntu/anaconda2/lib/python2.7/site-packages/theano/gradient.py", line 1272, in access_grad_cache
    term = access_term_cache(node)[idx]
  File "/home/ubuntu/anaconda2/lib/python2.7/site-packages/theano/gradient.py", line 965, in access_term_cache
    output_grads = [access_grad_cache(var) for var in node.outputs]
  File "/home/ubuntu/anaconda2/lib/python2.7/site-packages/theano/gradient.py", line 1272, in access_grad_cache
    term = access_term_cache(node)[idx]
  File "/home/ubuntu/anaconda2/lib/python2.7/site-packages/theano/gradient.py", line 965, in access_term_cache
    output_grads = [access_grad_cache(var) for var in node.outputs]
  File "/home/ubuntu/anaconda2/lib/python2.7/site-packages/theano/gradient.py", line 1272, in access_grad_cache
    term = access_term_cache(node)[idx]
  File "/home/ubuntu/anaconda2/lib/python2.7/site-packages/theano/gradient.py", line 965, in access_term_cache
    output_grads = [access_grad_cache(var) for var in node.outputs]
  File "/home/ubuntu/anaconda2/lib/python2.7/site-packages/theano/gradient.py", line 1272, in access_grad_cache
    term = access_term_cache(node)[idx]
  File "/home/ubuntu/anaconda2/lib/python2.7/site-packages/theano/gradient.py", line 965, in access_term_cache
    output_grads = [access_grad_cache(var) for var in node.outputs]
  File "/home/ubuntu/anaconda2/lib/python2.7/site-packages/theano/gradient.py", line 1272, in access_grad_cache
    term = access_term_cache(node)[idx]
  File "/home/ubuntu/anaconda2/lib/python2.7/site-packages/theano/gradient.py", line 965, in access_term_cache
    output_grads = [access_grad_cache(var) for var in node.outputs]
  File "/home/ubuntu/anaconda2/lib/python2.7/site-packages/theano/gradient.py", line 1272, in access_grad_cache
    term = access_term_cache(node)[idx]
  File "/home/ubuntu/anaconda2/lib/python2.7/site-packages/theano/gradient.py", line 965, in access_term_cache
    output_grads = [access_grad_cache(var) for var in node.outputs]
  File "/home/ubuntu/anaconda2/lib/python2.7/site-packages/theano/gradient.py", line 1272, in access_grad_cache
    term = access_term_cache(node)[idx]
  File "/home/ubuntu/anaconda2/lib/python2.7/site-packages/theano/gradient.py", line 965, in access_term_cache
    output_grads = [access_grad_cache(var) for var in node.outputs]
  File "/home/ubuntu/anaconda2/lib/python2.7/site-packages/theano/gradient.py", line 1272, in access_grad_cache
    term = access_term_cache(node)[idx]
  File "/home/ubuntu/anaconda2/lib/python2.7/site-packages/theano/gradient.py", line 965, in access_term_cache
    output_grads = [access_grad_cache(var) for var in node.outputs]
  File "/home/ubuntu/anaconda2/lib/python2.7/site-packages/theano/gradient.py", line 1272, in access_grad_cache
    term = access_term_cache(node)[idx]
  File "/home/ubuntu/anaconda2/lib/python2.7/site-packages/theano/gradient.py", line 965, in access_term_cache
    output_grads = [access_grad_cache(var) for var in node.outputs]
  File "/home/ubuntu/anaconda2/lib/python2.7/site-packages/theano/gradient.py", line 1272, in access_grad_cache
    term = access_term_cache(node)[idx]
  File "/home/ubuntu/anaconda2/lib/python2.7/site-packages/theano/gradient.py", line 965, in access_term_cache
    output_grads = [access_grad_cache(var) for var in node.outputs]
  File "/home/ubuntu/anaconda2/lib/python2.7/site-packages/theano/gradient.py", line 1272, in access_grad_cache
    term = access_term_cache(node)[idx]
  File "/home/ubuntu/anaconda2/lib/python2.7/site-packages/theano/gradient.py", line 965, in access_term_cache
    output_grads = [access_grad_cache(var) for var in node.outputs]
  File "/home/ubuntu/anaconda2/lib/python2.7/site-packages/theano/gradient.py", line 1272, in access_grad_cache
    term = access_term_cache(node)[idx]
  File "/home/ubuntu/anaconda2/lib/python2.7/site-packages/theano/gradient.py", line 965, in access_term_cache
    output_grads = [access_grad_cache(var) for var in node.outputs]
  File "/home/ubuntu/anaconda2/lib/python2.7/site-packages/theano/gradient.py", line 1272, in access_grad_cache
    term = access_term_cache(node)[idx]
  File "/home/ubuntu/anaconda2/lib/python2.7/site-packages/theano/gradient.py", line 965, in access_term_cache
    output_grads = [access_grad_cache(var) for var in node.outputs]
  File "/home/ubuntu/anaconda2/lib/python2.7/site-packages/theano/gradient.py", line 1272, in access_grad_cache
    term = access_term_cache(node)[idx]
  File "/home/ubuntu/anaconda2/lib/python2.7/site-packages/theano/gradient.py", line 965, in access_term_cache
    output_grads = [access_grad_cache(var) for var in node.outputs]
  File "/home/ubuntu/anaconda2/lib/python2.7/site-packages/theano/gradient.py", line 1272, in access_grad_cache
    term = access_term_cache(node)[idx]
  File "/home/ubuntu/anaconda2/lib/python2.7/site-packages/theano/gradient.py", line 965, in access_term_cache
    output_grads = [access_grad_cache(var) for var in node.outputs]
  File "/home/ubuntu/anaconda2/lib/python2.7/site-packages/theano/gradient.py", line 1272, in access_grad_cache
    term = access_term_cache(node)[idx]
  File "/home/ubuntu/anaconda2/lib/python2.7/site-packages/theano/gradient.py", line 965, in access_term_cache
    output_grads = [access_grad_cache(var) for var in node.outputs]
  File "/home/ubuntu/anaconda2/lib/python2.7/site-packages/theano/gradient.py", line 1272, in access_grad_cache
    term = access_term_cache(node)[idx]
  File "/home/ubuntu/anaconda2/lib/python2.7/site-packages/theano/gradient.py", line 965, in access_term_cache
    output_grads = [access_grad_cache(var) for var in node.outputs]
  File "/home/ubuntu/anaconda2/lib/python2.7/site-packages/theano/gradient.py", line 1272, in access_grad_cache
    term = access_term_cache(node)[idx]
  File "/home/ubuntu/anaconda2/lib/python2.7/site-packages/theano/gradient.py", line 965, in access_term_cache
    output_grads = [access_grad_cache(var) for var in node.outputs]
  File "/home/ubuntu/anaconda2/lib/python2.7/site-packages/theano/gradient.py", line 1272, in access_grad_cache
    term = access_term_cache(node)[idx]
  File "/home/ubuntu/anaconda2/lib/python2.7/site-packages/theano/gradient.py", line 965, in access_term_cache
    output_grads = [access_grad_cache(var) for var in node.outputs]
  File "/home/ubuntu/anaconda2/lib/python2.7/site-packages/theano/gradient.py", line 1272, in access_grad_cache
    term = access_term_cache(node)[idx]
  File "/home/ubuntu/anaconda2/lib/python2.7/site-packages/theano/gradient.py", line 965, in access_term_cache
    output_grads = [access_grad_cache(var) for var in node.outputs]
  File "/home/ubuntu/anaconda2/lib/python2.7/site-packages/theano/gradient.py", line 1272, in access_grad_cache
    term = access_term_cache(node)[idx]
  File "/home/ubuntu/anaconda2/lib/python2.7/site-packages/theano/gradient.py", line 965, in access_term_cache
    output_grads = [access_grad_cache(var) for var in node.outputs]
  File "/home/ubuntu/anaconda2/lib/python2.7/site-packages/theano/gradient.py", line 1272, in access_grad_cache
    term = access_term_cache(node)[idx]
  File "/home/ubuntu/anaconda2/lib/python2.7/site-packages/theano/gradient.py", line 965, in access_term_cache
    output_grads = [access_grad_cache(var) for var in node.outputs]
  File "/home/ubuntu/anaconda2/lib/python2.7/site-packages/theano/gradient.py", line 1272, in access_grad_cache
    term = access_term_cache(node)[idx]
  File "/home/ubuntu/anaconda2/lib/python2.7/site-packages/theano/gradient.py", line 965, in access_term_cache
    output_grads = [access_grad_cache(var) for var in node.outputs]
  File "/home/ubuntu/anaconda2/lib/python2.7/site-packages/theano/gradient.py", line 1272, in access_grad_cache
    term = access_term_cache(node)[idx]
  File "/home/ubuntu/anaconda2/lib/python2.7/site-packages/theano/gradient.py", line 965, in access_term_cache
    output_grads = [access_grad_cache(var) for var in node.outputs]
  File "/home/ubuntu/anaconda2/lib/python2.7/site-packages/theano/gradient.py", line 1272, in access_grad_cache
    term = access_term_cache(node)[idx]
  File "/home/ubuntu/anaconda2/lib/python2.7/site-packages/theano/gradient.py", line 965, in access_term_cache
    output_grads = [access_grad_cache(var) for var in node.outputs]
  File "/home/ubuntu/anaconda2/lib/python2.7/site-packages/theano/gradient.py", line 1272, in access_grad_cache
    term = access_term_cache(node)[idx]
  File "/home/ubuntu/anaconda2/lib/python2.7/site-packages/theano/gradient.py", line 965, in access_term_cache
    output_grads = [access_grad_cache(var) for var in node.outputs]
  File "/home/ubuntu/anaconda2/lib/python2.7/site-packages/theano/gradient.py", line 1272, in access_grad_cache
    term = access_term_cache(node)[idx]
  File "/home/ubuntu/anaconda2/lib/python2.7/site-packages/theano/gradient.py", line 965, in access_term_cache
    output_grads = [access_grad_cache(var) for var in node.outputs]
  File "/home/ubuntu/anaconda2/lib/python2.7/site-packages/theano/gradient.py", line 1272, in access_grad_cache
    term = access_term_cache(node)[idx]
  File "/home/ubuntu/anaconda2/lib/python2.7/site-packages/theano/gradient.py", line 965, in access_term_cache
    output_grads = [access_grad_cache(var) for var in node.outputs]
  File "/home/ubuntu/anaconda2/lib/python2.7/site-packages/theano/gradient.py", line 1272, in access_grad_cache
    term = access_term_cache(node)[idx]
  File "/home/ubuntu/anaconda2/lib/python2.7/site-packages/theano/gradient.py", line 965, in access_term_cache
    output_grads = [access_grad_cache(var) for var in node.outputs]
  File "/home/ubuntu/anaconda2/lib/python2.7/site-packages/theano/gradient.py", line 1272, in access_grad_cache
    term = access_term_cache(node)[idx]
  File "/home/ubuntu/anaconda2/lib/python2.7/site-packages/theano/gradient.py", line 965, in access_term_cache
    output_grads = [access_grad_cache(var) for var in node.outputs]
  File "/home/ubuntu/anaconda2/lib/python2.7/site-packages/theano/gradient.py", line 1272, in access_grad_cache
    term = access_term_cache(node)[idx]
  File "/home/ubuntu/anaconda2/lib/python2.7/site-packages/theano/gradient.py", line 965, in access_term_cache
    output_grads = [access_grad_cache(var) for var in node.outputs]
  File "/home/ubuntu/anaconda2/lib/python2.7/site-packages/theano/gradient.py", line 1272, in access_grad_cache
    term = access_term_cache(node)[idx]
  File "/home/ubuntu/anaconda2/lib/python2.7/site-packages/theano/gradient.py", line 965, in access_term_cache
    output_grads = [access_grad_cache(var) for var in node.outputs]
  File "/home/ubuntu/anaconda2/lib/python2.7/site-packages/theano/gradient.py", line 1272, in access_grad_cache
    term = access_term_cache(node)[idx]
  File "/home/ubuntu/anaconda2/lib/python2.7/site-packages/theano/gradient.py", line 965, in access_term_cache
    output_grads = [access_grad_cache(var) for var in node.outputs]
  File "/home/ubuntu/anaconda2/lib/python2.7/site-packages/theano/gradient.py", line 1272, in access_grad_cache
    term = access_term_cache(node)[idx]
  File "/home/ubuntu/anaconda2/lib/python2.7/site-packages/theano/gradient.py", line 965, in access_term_cache
    output_grads = [access_grad_cache(var) for var in node.outputs]
  File "/home/ubuntu/anaconda2/lib/python2.7/site-packages/theano/gradient.py", line 1272, in access_grad_cache
    term = access_term_cache(node)[idx]
  File "/home/ubuntu/anaconda2/lib/python2.7/site-packages/theano/gradient.py", line 965, in access_term_cache
    output_grads = [access_grad_cache(var) for var in node.outputs]
  File "/home/ubuntu/anaconda2/lib/python2.7/site-packages/theano/gradient.py", line 1272, in access_grad_cache
    term = access_term_cache(node)[idx]
  File "/home/ubuntu/anaconda2/lib/python2.7/site-packages/theano/gradient.py", line 965, in access_term_cache
    output_grads = [access_grad_cache(var) for var in node.outputs]
  File "/home/ubuntu/anaconda2/lib/python2.7/site-packages/theano/gradient.py", line 1272, in access_grad_cache
    term = access_term_cache(node)[idx]
  File "/home/ubuntu/anaconda2/lib/python2.7/site-packages/theano/gradient.py", line 965, in access_term_cache
    output_grads = [access_grad_cache(var) for var in node.outputs]
  File "/home/ubuntu/anaconda2/lib/python2.7/site-packages/theano/gradient.py", line 1272, in access_grad_cache
    term = access_term_cache(node)[idx]
  File "/home/ubuntu/anaconda2/lib/python2.7/site-packages/theano/gradient.py", line 965, in access_term_cache
    output_grads = [access_grad_cache(var) for var in node.outputs]
  File "/home/ubuntu/anaconda2/lib/python2.7/site-packages/theano/gradient.py", line 1272, in access_grad_cache
    term = access_term_cache(node)[idx]
  File "/home/ubuntu/anaconda2/lib/python2.7/site-packages/theano/gradient.py", line 965, in access_term_cache
    output_grads = [access_grad_cache(var) for var in node.outputs]
  File "/home/ubuntu/anaconda2/lib/python2.7/site-packages/theano/gradient.py", line 1272, in access_grad_cache
    term = access_term_cache(node)[idx]
  File "/home/ubuntu/anaconda2/lib/python2.7/site-packages/theano/gradient.py", line 965, in access_term_cache
    output_grads = [access_grad_cache(var) for var in node.outputs]
  File "/home/ubuntu/anaconda2/lib/python2.7/site-packages/theano/gradient.py", line 1272, in access_grad_cache
    term = access_term_cache(node)[idx]
  File "/home/ubuntu/anaconda2/lib/python2.7/site-packages/theano/gradient.py", line 965, in access_term_cache
    output_grads = [access_grad_cache(var) for var in node.outputs]
  File "/home/ubuntu/anaconda2/lib/python2.7/site-packages/theano/gradient.py", line 1272, in access_grad_cache
    term = access_term_cache(node)[idx]
  File "/home/ubuntu/anaconda2/lib/python2.7/site-packages/theano/gradient.py", line 965, in access_term_cache
    output_grads = [access_grad_cache(var) for var in node.outputs]
  File "/home/ubuntu/anaconda2/lib/python2.7/site-packages/theano/gradient.py", line 1272, in access_grad_cache
    term = access_term_cache(node)[idx]
  File "/home/ubuntu/anaconda2/lib/python2.7/site-packages/theano/gradient.py", line 965, in access_term_cache
    output_grads = [access_grad_cache(var) for var in node.outputs]
  File "/home/ubuntu/anaconda2/lib/python2.7/site-packages/theano/gradient.py", line 1272, in access_grad_cache
    term = access_term_cache(node)[idx]
  File "/home/ubuntu/anaconda2/lib/python2.7/site-packages/theano/gradient.py", line 965, in access_term_cache
    output_grads = [access_grad_cache(var) for var in node.outputs]
  File "/home/ubuntu/anaconda2/lib/python2.7/site-packages/theano/gradient.py", line 1272, in access_grad_cache
    term = access_term_cache(node)[idx]
  File "/home/ubuntu/anaconda2/lib/python2.7/site-packages/theano/gradient.py", line 965, in access_term_cache
    output_grads = [access_grad_cache(var) for var in node.outputs]
  File "/home/ubuntu/anaconda2/lib/python2.7/site-packages/theano/gradient.py", line 1272, in access_grad_cache
    term = access_term_cache(node)[idx]
  File "/home/ubuntu/anaconda2/lib/python2.7/site-packages/theano/gradient.py", line 965, in access_term_cache
    output_grads = [access_grad_cache(var) for var in node.outputs]
  File "/home/ubuntu/anaconda2/lib/python2.7/site-packages/theano/gradient.py", line 1272, in access_grad_cache
    term = access_term_cache(node)[idx]
  File "/home/ubuntu/anaconda2/lib/python2.7/site-packages/theano/gradient.py", line 965, in access_term_cache
    output_grads = [access_grad_cache(var) for var in node.outputs]
  File "/home/ubuntu/anaconda2/lib/python2.7/site-packages/theano/gradient.py", line 1272, in access_grad_cache
    term = access_term_cache(node)[idx]
  File "/home/ubuntu/anaconda2/lib/python2.7/site-packages/theano/gradient.py", line 965, in access_term_cache
    output_grads = [access_grad_cache(var) for var in node.outputs]
  File "/home/ubuntu/anaconda2/lib/python2.7/site-packages/theano/gradient.py", line 1272, in access_grad_cache
    term = access_term_cache(node)[idx]
  File "/home/ubuntu/anaconda2/lib/python2.7/site-packages/theano/gradient.py", line 965, in access_term_cache
    output_grads = [access_grad_cache(var) for var in node.outputs]
  File "/home/ubuntu/anaconda2/lib/python2.7/site-packages/theano/gradient.py", line 1272, in access_grad_cache
    term = access_term_cache(node)[idx]
  File "/home/ubuntu/anaconda2/lib/python2.7/site-packages/theano/gradient.py", line 965, in access_term_cache
    output_grads = [access_grad_cache(var) for var in node.outputs]
  File "/home/ubuntu/anaconda2/lib/python2.7/site-packages/theano/gradient.py", line 1272, in access_grad_cache
    term = access_term_cache(node)[idx]
  File "/home/ubuntu/anaconda2/lib/python2.7/site-packages/theano/gradient.py", line 965, in access_term_cache
    output_grads = [access_grad_cache(var) for var in node.outputs]
  File "/home/ubuntu/anaconda2/lib/python2.7/site-packages/theano/gradient.py", line 1272, in access_grad_cache
    term = access_term_cache(node)[idx]
  File "/home/ubuntu/anaconda2/lib/python2.7/site-packages/theano/gradient.py", line 965, in access_term_cache
    output_grads = [access_grad_cache(var) for var in node.outputs]
  File "/home/ubuntu/anaconda2/lib/python2.7/site-packages/theano/gradient.py", line 1272, in access_grad_cache
    term = access_term_cache(node)[idx]
  File "/home/ubuntu/anaconda2/lib/python2.7/site-packages/theano/gradient.py", line 965, in access_term_cache
    output_grads = [access_grad_cache(var) for var in node.outputs]
  File "/home/ubuntu/anaconda2/lib/python2.7/site-packages/theano/gradient.py", line 1272, in access_grad_cache
    term = access_term_cache(node)[idx]
  File "/home/ubuntu/anaconda2/lib/python2.7/site-packages/theano/gradient.py", line 965, in access_term_cache
    output_grads = [access_grad_cache(var) for var in node.outputs]
  File "/home/ubuntu/anaconda2/lib/python2.7/site-packages/theano/gradient.py", line 1272, in access_grad_cache
    term = access_term_cache(node)[idx]
  File "/home/ubuntu/anaconda2/lib/python2.7/site-packages/theano/gradient.py", line 965, in access_term_cache
    output_grads = [access_grad_cache(var) for var in node.outputs]
  File "/home/ubuntu/anaconda2/lib/python2.7/site-packages/theano/gradient.py", line 1272, in access_grad_cache
    term = access_term_cache(node)[idx]
  File "/home/ubuntu/anaconda2/lib/python2.7/site-packages/theano/gradient.py", line 965, in access_term_cache
    output_grads = [access_grad_cache(var) for var in node.outputs]
  File "/home/ubuntu/anaconda2/lib/python2.7/site-packages/theano/gradient.py", line 1272, in access_grad_cache
    term = access_term_cache(node)[idx]
  File "/home/ubuntu/anaconda2/lib/python2.7/site-packages/theano/gradient.py", line 965, in access_term_cache
    output_grads = [access_grad_cache(var) for var in node.outputs]
  File "/home/ubuntu/anaconda2/lib/python2.7/site-packages/theano/gradient.py", line 1272, in access_grad_cache
    term = access_term_cache(node)[idx]
  File "/home/ubuntu/anaconda2/lib/python2.7/site-packages/theano/gradient.py", line 965, in access_term_cache
    output_grads = [access_grad_cache(var) for var in node.outputs]
  File "/home/ubuntu/anaconda2/lib/python2.7/site-packages/theano/gradient.py", line 1272, in access_grad_cache
    term = access_term_cache(node)[idx]
  File "/home/ubuntu/anaconda2/lib/python2.7/site-packages/theano/gradient.py", line 965, in access_term_cache
    output_grads = [access_grad_cache(var) for var in node.outputs]
  File "/home/ubuntu/anaconda2/lib/python2.7/site-packages/theano/gradient.py", line 1272, in access_grad_cache
    term = access_term_cache(node)[idx]
  File "/home/ubuntu/anaconda2/lib/python2.7/site-packages/theano/gradient.py", line 965, in access_term_cache
    output_grads = [access_grad_cache(var) for var in node.outputs]
  File "/home/ubuntu/anaconda2/lib/python2.7/site-packages/theano/gradient.py", line 1272, in access_grad_cache
    term = access_term_cache(node)[idx]
  File "/home/ubuntu/anaconda2/lib/python2.7/site-packages/theano/gradient.py", line 965, in access_term_cache
    output_grads = [access_grad_cache(var) for var in node.outputs]
  File "/home/ubuntu/anaconda2/lib/python2.7/site-packages/theano/gradient.py", line 1272, in access_grad_cache
    term = access_term_cache(node)[idx]
  File "/home/ubuntu/anaconda2/lib/python2.7/site-packages/theano/gradient.py", line 965, in access_term_cache
    output_grads = [access_grad_cache(var) for var in node.outputs]
  File "/home/ubuntu/anaconda2/lib/python2.7/site-packages/theano/gradient.py", line 1272, in access_grad_cache
    term = access_term_cache(node)[idx]
  File "/home/ubuntu/anaconda2/lib/python2.7/site-packages/theano/gradient.py", line 965, in access_term_cache
    output_grads = [access_grad_cache(var) for var in node.outputs]
  File "/home/ubuntu/anaconda2/lib/python2.7/site-packages/theano/gradient.py", line 1272, in access_grad_cache
    term = access_term_cache(node)[idx]
  File "/home/ubuntu/anaconda2/lib/python2.7/site-packages/theano/gradient.py", line 965, in access_term_cache
    output_grads = [access_grad_cache(var) for var in node.outputs]
  File "/home/ubuntu/anaconda2/lib/python2.7/site-packages/theano/gradient.py", line 1272, in access_grad_cache
    term = access_term_cache(node)[idx]
  File "/home/ubuntu/anaconda2/lib/python2.7/site-packages/theano/gradient.py", line 965, in access_term_cache
    output_grads = [access_grad_cache(var) for var in node.outputs]
  File "/home/ubuntu/anaconda2/lib/python2.7/site-packages/theano/gradient.py", line 1272, in access_grad_cache
    term = access_term_cache(node)[idx]
  File "/home/ubuntu/anaconda2/lib/python2.7/site-packages/theano/gradient.py", line 965, in access_term_cache
    output_grads = [access_grad_cache(var) for var in node.outputs]
  File "/home/ubuntu/anaconda2/lib/python2.7/site-packages/theano/gradient.py", line 1272, in access_grad_cache
    term = access_term_cache(node)[idx]
  File "/home/ubuntu/anaconda2/lib/python2.7/site-packages/theano/gradient.py", line 965, in access_term_cache
    output_grads = [access_grad_cache(var) for var in node.outputs]
  File "/home/ubuntu/anaconda2/lib/python2.7/site-packages/theano/gradient.py", line 1272, in access_grad_cache
    term = access_term_cache(node)[idx]
  File "/home/ubuntu/anaconda2/lib/python2.7/site-packages/theano/gradient.py", line 965, in access_term_cache
    output_grads = [access_grad_cache(var) for var in node.outputs]
  File "/home/ubuntu/anaconda2/lib/python2.7/site-packages/theano/gradient.py", line 1272, in access_grad_cache
    term = access_term_cache(node)[idx]
  File "/home/ubuntu/anaconda2/lib/python2.7/site-packages/theano/gradient.py", line 965, in access_term_cache
    output_grads = [access_grad_cache(var) for var in node.outputs]
  File "/home/ubuntu/anaconda2/lib/python2.7/site-packages/theano/gradient.py", line 1272, in access_grad_cache
    term = access_term_cache(node)[idx]
  File "/home/ubuntu/anaconda2/lib/python2.7/site-packages/theano/gradient.py", line 965, in access_term_cache
    output_grads = [access_grad_cache(var) for var in node.outputs]
  File "/home/ubuntu/anaconda2/lib/python2.7/site-packages/theano/gradient.py", line 1272, in access_grad_cache
    term = access_term_cache(node)[idx]
  File "/home/ubuntu/anaconda2/lib/python2.7/site-packages/theano/gradient.py", line 965, in access_term_cache
    output_grads = [access_grad_cache(var) for var in node.outputs]
  File "/home/ubuntu/anaconda2/lib/python2.7/site-packages/theano/gradient.py", line 1272, in access_grad_cache
    term = access_term_cache(node)[idx]
  File "/home/ubuntu/anaconda2/lib/python2.7/site-packages/theano/gradient.py", line 965, in access_term_cache
    output_grads = [access_grad_cache(var) for var in node.outputs]
  File "/home/ubuntu/anaconda2/lib/python2.7/site-packages/theano/gradient.py", line 1272, in access_grad_cache
    term = access_term_cache(node)[idx]
  File "/home/ubuntu/anaconda2/lib/python2.7/site-packages/theano/gradient.py", line 965, in access_term_cache
    output_grads = [access_grad_cache(var) for var in node.outputs]
  File "/home/ubuntu/anaconda2/lib/python2.7/site-packages/theano/gradient.py", line 1272, in access_grad_cache
    term = access_term_cache(node)[idx]
  File "/home/ubuntu/anaconda2/lib/python2.7/site-packages/theano/gradient.py", line 965, in access_term_cache
    output_grads = [access_grad_cache(var) for var in node.outputs]
  File "/home/ubuntu/anaconda2/lib/python2.7/site-packages/theano/gradient.py", line 1272, in access_grad_cache
    term = access_term_cache(node)[idx]
  File "/home/ubuntu/anaconda2/lib/python2.7/site-packages/theano/gradient.py", line 965, in access_term_cache
    output_grads = [access_grad_cache(var) for var in node.outputs]
  File "/home/ubuntu/anaconda2/lib/python2.7/site-packages/theano/gradient.py", line 1272, in access_grad_cache
    term = access_term_cache(node)[idx]
  File "/home/ubuntu/anaconda2/lib/python2.7/site-packages/theano/gradient.py", line 965, in access_term_cache
    output_grads = [access_grad_cache(var) for var in node.outputs]
  File "/home/ubuntu/anaconda2/lib/python2.7/site-packages/theano/gradient.py", line 1272, in access_grad_cache
    term = access_term_cache(node)[idx]
  File "/home/ubuntu/anaconda2/lib/python2.7/site-packages/theano/gradient.py", line 965, in access_term_cache
    output_grads = [access_grad_cache(var) for var in node.outputs]
  File "/home/ubuntu/anaconda2/lib/python2.7/site-packages/theano/gradient.py", line 1272, in access_grad_cache
    term = access_term_cache(node)[idx]
  File "/home/ubuntu/anaconda2/lib/python2.7/site-packages/theano/gradient.py", line 965, in access_term_cache
    output_grads = [access_grad_cache(var) for var in node.outputs]
  File "/home/ubuntu/anaconda2/lib/python2.7/site-packages/theano/gradient.py", line 1272, in access_grad_cache
    term = access_term_cache(node)[idx]
  File "/home/ubuntu/anaconda2/lib/python2.7/site-packages/theano/gradient.py", line 965, in access_term_cache
    output_grads = [access_grad_cache(var) for var in node.outputs]
  File "/home/ubuntu/anaconda2/lib/python2.7/site-packages/theano/gradient.py", line 1272, in access_grad_cache
    term = access_term_cache(node)[idx]
  File "/home/ubuntu/anaconda2/lib/python2.7/site-packages/theano/gradient.py", line 965, in access_term_cache
    output_grads = [access_grad_cache(var) for var in node.outputs]
  File "/home/ubuntu/anaconda2/lib/python2.7/site-packages/theano/gradient.py", line 1272, in access_grad_cache
    term = access_term_cache(node)[idx]
  File "/home/ubuntu/anaconda2/lib/python2.7/site-packages/theano/gradient.py", line 965, in access_term_cache
    output_grads = [access_grad_cache(var) for var in node.outputs]
  File "/home/ubuntu/anaconda2/lib/python2.7/site-packages/theano/gradient.py", line 1272, in access_grad_cache
    term = access_term_cache(node)[idx]
  File "/home/ubuntu/anaconda2/lib/python2.7/site-packages/theano/gradient.py", line 965, in access_term_cache
    output_grads = [access_grad_cache(var) for var in node.outputs]
  File "/home/ubuntu/anaconda2/lib/python2.7/site-packages/theano/gradient.py", line 1272, in access_grad_cache
    term = access_term_cache(node)[idx]
  File "/home/ubuntu/anaconda2/lib/python2.7/site-packages/theano/gradient.py", line 965, in access_term_cache
    output_grads = [access_grad_cache(var) for var in node.outputs]
  File "/home/ubuntu/anaconda2/lib/python2.7/site-packages/theano/gradient.py", line 1272, in access_grad_cache
    term = access_term_cache(node)[idx]
  File "/home/ubuntu/anaconda2/lib/python2.7/site-packages/theano/gradient.py", line 965, in access_term_cache
    output_grads = [access_grad_cache(var) for var in node.outputs]
  File "/home/ubuntu/anaconda2/lib/python2.7/site-packages/theano/gradient.py", line 1272, in access_grad_cache
    term = access_term_cache(node)[idx]
  File "/home/ubuntu/anaconda2/lib/python2.7/site-packages/theano/gradient.py", line 965, in access_term_cache
    output_grads = [access_grad_cache(var) for var in node.outputs]
  File "/home/ubuntu/anaconda2/lib/python2.7/site-packages/theano/gradient.py", line 1272, in access_grad_cache
    term = access_term_cache(node)[idx]
  File "/home/ubuntu/anaconda2/lib/python2.7/site-packages/theano/gradient.py", line 965, in access_term_cache
    output_grads = [access_grad_cache(var) for var in node.outputs]
  File "/home/ubuntu/anaconda2/lib/python2.7/site-packages/theano/gradient.py", line 1272, in access_grad_cache
    term = access_term_cache(node)[idx]
  File "/home/ubuntu/anaconda2/lib/python2.7/site-packages/theano/gradient.py", line 965, in access_term_cache
    output_grads = [access_grad_cache(var) for var in node.outputs]
  File "/home/ubuntu/anaconda2/lib/python2.7/site-packages/theano/gradient.py", line 1272, in access_grad_cache
    term = access_term_cache(node)[idx]
  File "/home/ubuntu/anaconda2/lib/python2.7/site-packages/theano/gradient.py", line 1106, in access_term_cache
    new_output_grads)
  File "/home/ubuntu/anaconda2/lib/python2.7/site-packages/theano/gof/op.py", line 700, in L_op
    return self.grad(inputs, output_grads)
  File "/home/ubuntu/anaconda2/lib/python2.7/site-packages/theano/ifelse.py", line 235, in grad
    if_true_op(*if_true, **dict(return_list=True)) +
  File "/home/ubuntu/anaconda2/lib/python2.7/site-packages/theano/gof/op.py", line 604, in __call__
    node = self.make_node(*inputs, **kwargs)
  File "/home/ubuntu/anaconda2/lib/python2.7/site-packages/theano/ifelse.py", line 187, in make_node
    'false return values'), t, f, t.type, f.type)
TypeError: ('IfElse requires same types for true and false return values', GpuFromHost.0, Elemwise{second,no_inplace}.0, CudaNdarrayType(float32, 4D), TensorType(float32, 4D))
